Arguments: 
  C:\Program Files\nodejs\node.exe C:\Program Files (x86)\Yarn\bin\yarn.js add dotenv express express-session ejs cookie-parser

PATH: 
  C:\cmder\vendor\conemu-maximus5\ConEmu\Scripts;C:\cmder\vendor\conemu-maximus5;C:\cmder\vendor\conemu-maximus5\ConEmu;C:\Program Files (x86)\Common Files\Oracle\Java\javapath;C:\Python27\;C:\Python27\Scripts\;C:\Windows\system32;C:\Windows;C:\Windows\System32\Wbem;C:\Windows\System32\WindowsPowerShell\v1.0\;C:\Windows\System32\OpenSSH\;C:\Program Files\nodejs\;C:\ProgramData\chocolatey\bin;C:\Program Files\Git\cmd;C:\MinGW\bin;C:\TDM-GCC-32\bin\g++.exe;C:\Program Files (x86)\NVIDIA Corporation\PhysX\Common;C:\Program Files\NVIDIA Corporation\NVIDIA NvDLISR;C:\Program Files (x86)\Yarn\bin\;C:\Program Files\Redis\;C:\Program Files (x86)\Google\Cloud SDK\google-cloud-sdk\bin;C:\xampp\php;C:\ProgramData\ComposerSetup\bin;C:\Users\yajindra\AppData\Local\Programs\Python\Python311\Scripts;C:\Users\yajindra\AppData\Roaming\Composer\vendor\bin;C:\Program Files\heroku\bin;C:\Program Files\Git\mingw64\bin;C:\Program Files\Git\usr\bin;C:\cmder\vendor\bin;C:\cmder

Yarn version: 
  1.22.19

Node version: 
  16.15.0

Platform: 
  win32 x64

Trace: 
  Error: getaddrinfo ENOTFOUND registry.yarnpkg.com
      at GetAddrInfoReqWrap.onlookup [as oncomplete] (node:dns:71:26)

npm manifest: 
  {
    "name": "yajindra-portfolio",
    "version": "1.0.0",
    "description": "Yajindra ",
    "main": "app.js",
    "repository": "git@github.com:yajindragautam/my-portfolio.git",
    "author": "yajindra.gautam <yajindra.gautam@ekbana.info>",
    "license": "MIT"
  }

yarn manifest: 
  No manifest

Lockfile: 
  No lockfile
